c:\users\fenw\desktop\tec. prog\visualstudio\jogo\jogo\jogo\jogo\release\vc141.pdb
c:\users\fenw\desktop\tec. prog\visualstudio\jogo\jogo\jogo\jogo\release\principal.obj
c:\users\fenw\desktop\tec. prog\visualstudio\jogo\jogo\jogo\jogo\release\player.obj
c:\users\fenw\desktop\tec. prog\visualstudio\jogo\jogo\jogo\jogo\release\personagem.obj
c:\users\fenw\desktop\tec. prog\visualstudio\jogo\jogo\jogo\jogo\release\obstaculo.obj
c:\users\fenw\desktop\tec. prog\visualstudio\jogo\jogo\jogo\jogo\release\nuvem.obj
c:\users\fenw\desktop\tec. prog\visualstudio\jogo\jogo\jogo\jogo\release\lista_projeteis.obj
c:\users\fenw\desktop\tec. prog\visualstudio\jogo\jogo\jogo\jogo\release\lista_personagens.obj
c:\users\fenw\desktop\tec. prog\visualstudio\jogo\jogo\jogo\jogo\release\lista_obstaculos.obj
c:\users\fenw\desktop\tec. prog\visualstudio\jogo\jogo\jogo\jogo\release\kamikazi.obj
c:\users\fenw\desktop\tec. prog\visualstudio\jogo\jogo\jogo\jogo\release\jogador2.obj
c:\users\fenw\desktop\tec. prog\visualstudio\jogo\jogo\jogo\jogo\release\inimigo.obj
c:\users\fenw\desktop\tec. prog\visualstudio\jogo\jogo\jogo\jogo\release\fase2.obj
c:\users\fenw\desktop\tec. prog\visualstudio\jogo\jogo\jogo\jogo\release\fase1.obj
c:\users\fenw\desktop\tec. prog\visualstudio\jogo\jogo\jogo\jogo\release\fase.obj
c:\users\fenw\desktop\tec. prog\visualstudio\jogo\jogo\jogo\jogo\release\dirigivel.obj
c:\users\fenw\desktop\tec. prog\visualstudio\jogo\jogo\jogo\jogo\release\classejogo.obj
c:\users\fenw\desktop\tec. prog\visualstudio\jogo\jogo\jogo\jogo\release\cenario.obj
c:\users\fenw\desktop\tec. prog\visualstudio\jogo\jogo\jogo\jogo\release\caca_atirador.obj
c:\users\fenw\desktop\tec. prog\visualstudio\jogo\jogo\jogo\jogo\release\balao.obj
c:\users\fenw\desktop\tec. prog\visualstudio\jogo\jogo\jogo\jogo\release\aviao.obj
c:\users\fenw\desktop\tec. prog\visualstudio\jogo\jogo\jogo\jogo\release\jogo.obj
c:\users\fenw\desktop\tec. prog\visualstudio\jogo\jogo\jogo\jogo\release\jogador1.obj
c:\users\fenw\desktop\tec. prog\visualstudio\jogo\jogo\jogo\jogo\release\entidade.obj
c:\users\fenw\desktop\tec. prog\visualstudio\jogo\jogo\jogo\jogo\release\raio.obj
c:\users\fenw\desktop\tec. prog\visualstudio\jogo\jogo\jogo\jogo\release\projetil.obj
c:\users\fenw\desktop\nova pasta (2)\jogo\release\vc141.pdb
c:\users\fenw\desktop\nova pasta (2)\jogo\release\pilha_sanduiche.obj
c:\users\fenw\desktop\nova pasta (2)\jogo\release\jogo.obj
c:\users\fenw\desktop\nova pasta (2)\jogo\release\fila_clientes.obj
c:\users\fenw\desktop\tec. prog\visualstudio\jogo\jogo\jogo\release\jogo.ipdb
c:\users\fenw\desktop\tec. prog\visualstudio\jogo\jogo\jogo\release\jogo.iobj
c:\users\fenw\desktop\nova pasta (2)\release\jogo.ipdb
c:\users\fenw\desktop\nova pasta (2)\release\jogo.iobj
c:\users\fenw\desktop\tec. prog\visualstudio\jogo\jogo\jogo\release\jogo.exe
c:\users\fenw\desktop\tec. prog\visualstudio\jogo\jogo\jogo\release\jogo.pdb
c:\users\fenw\desktop\nova pasta (2)\release\jogo.exe
c:\users\fenw\desktop\nova pasta (2)\release\jogo.pdb
c:\users\fenw\desktop\nova pasta (2)\jogo\release\aviao.obj
c:\users\fenw\desktop\nova pasta (2)\jogo\release\balao.obj
c:\users\fenw\desktop\nova pasta (2)\jogo\release\caca_atirador.obj
c:\users\fenw\desktop\nova pasta (2)\jogo\release\cenario.obj
c:\users\fenw\desktop\nova pasta (2)\jogo\release\classejogo.obj
c:\users\fenw\desktop\nova pasta (2)\jogo\release\dirigivel.obj
c:\users\fenw\desktop\nova pasta (2)\jogo\release\entidade.obj
c:\users\fenw\desktop\nova pasta (2)\jogo\release\fase.obj
c:\users\fenw\desktop\nova pasta (2)\jogo\release\fase1.obj
c:\users\fenw\desktop\nova pasta (2)\jogo\release\fase2.obj
c:\users\fenw\desktop\nova pasta (2)\jogo\release\inimigo.obj
c:\users\fenw\desktop\nova pasta (2)\jogo\release\jogador1.obj
c:\users\fenw\desktop\nova pasta (2)\jogo\release\jogador2.obj
c:\users\fenw\desktop\nova pasta (2)\jogo\release\kamikazi.obj
c:\users\fenw\desktop\nova pasta (2)\jogo\release\lista_obstaculos.obj
c:\users\fenw\desktop\nova pasta (2)\jogo\release\lista_personagens.obj
c:\users\fenw\desktop\nova pasta (2)\jogo\release\lista_projeteis.obj
c:\users\fenw\desktop\nova pasta (2)\jogo\release\nuvem.obj
c:\users\fenw\desktop\nova pasta (2)\jogo\release\obstaculo.obj
c:\users\fenw\desktop\nova pasta (2)\jogo\release\personagem.obj
c:\users\fenw\desktop\nova pasta (2)\jogo\release\player.obj
c:\users\fenw\desktop\nova pasta (2)\jogo\release\principal.obj
c:\users\fenw\desktop\nova pasta (2)\jogo\release\projetil.obj
c:\users\fenw\desktop\nova pasta (2)\jogo\release\raio.obj
c:\users\fenw\desktop\nova pasta (2)\jogo\release\jogo.tlog\cl.command.1.tlog
c:\users\fenw\desktop\nova pasta (2)\jogo\release\jogo.tlog\cl.read.1.tlog
c:\users\fenw\desktop\nova pasta (2)\jogo\release\jogo.tlog\cl.write.1.tlog
c:\users\fenw\desktop\nova pasta (2)\jogo\release\jogo.tlog\jogo.write.1u.tlog
c:\users\fenw\desktop\nova pasta (2)\jogo\release\jogo.tlog\link.command.1.tlog
c:\users\fenw\desktop\nova pasta (2)\jogo\release\jogo.tlog\link.read.1.tlog
c:\users\fenw\desktop\nova pasta (2)\jogo\release\jogo.tlog\link.write.1.tlog
