c:\users\fenw\desktop\tec. prog\visualstudio\jogo\jogo\jogo\jogo\debug\vc141.pdb
c:\users\fenw\desktop\tec. prog\visualstudio\jogo\jogo\jogo\jogo\debug\vc141.idb
c:\users\fenw\desktop\tec. prog\visualstudio\jogo\jogo\jogo\jogo\debug\kamikazi.obj
c:\users\fenw\desktop\tec. prog\visualstudio\jogo\jogo\jogo\jogo\debug\jogo.obj
c:\users\fenw\desktop\tec. prog\visualstudio\jogo\jogo\jogo\jogo\debug\aviao.obj
c:\users\fenw\desktop\tec. prog\visualstudio\jogo\jogo\jogo\jogo\debug\principal.obj
c:\users\fenw\desktop\tec. prog\visualstudio\jogo\jogo\jogo\jogo\debug\player.obj
c:\users\fenw\desktop\tec. prog\visualstudio\jogo\jogo\jogo\jogo\debug\personagem.obj
c:\users\fenw\desktop\tec. prog\visualstudio\jogo\jogo\jogo\jogo\debug\lista_personagens.obj
c:\users\fenw\desktop\tec. prog\visualstudio\jogo\jogo\jogo\jogo\debug\inimigo.obj
c:\users\fenw\desktop\tec. prog\visualstudio\jogo\jogo\jogo\jogo\debug\fase2.obj
c:\users\fenw\desktop\tec. prog\visualstudio\jogo\jogo\jogo\jogo\debug\fase1.obj
c:\users\fenw\desktop\tec. prog\visualstudio\jogo\jogo\jogo\jogo\debug\fase.obj
c:\users\fenw\desktop\tec. prog\visualstudio\jogo\jogo\jogo\jogo\debug\entidade.obj
c:\users\fenw\desktop\tec. prog\visualstudio\jogo\jogo\jogo\jogo\debug\dirigivel.obj
c:\users\fenw\desktop\tec. prog\visualstudio\jogo\jogo\jogo\jogo\debug\classejogo.obj
c:\users\fenw\desktop\tec. prog\visualstudio\jogo\jogo\jogo\jogo\debug\jogador2.obj
c:\users\fenw\desktop\tec. prog\visualstudio\jogo\jogo\jogo\jogo\debug\jogador1.obj
c:\users\fenw\desktop\tec. prog\visualstudio\jogo\jogo\jogo\jogo\debug\obstaculo.obj
c:\users\fenw\desktop\tec. prog\visualstudio\jogo\jogo\jogo\jogo\debug\nuvem.obj
c:\users\fenw\desktop\tec. prog\visualstudio\jogo\jogo\jogo\jogo\debug\lista_projeteis.obj
c:\users\fenw\desktop\tec. prog\visualstudio\jogo\jogo\jogo\jogo\debug\lista_obstaculos.obj
c:\users\fenw\desktop\tec. prog\visualstudio\jogo\jogo\jogo\jogo\debug\cenario.obj
c:\users\fenw\desktop\tec. prog\visualstudio\jogo\jogo\jogo\jogo\debug\caca_atirador.obj
c:\users\fenw\desktop\tec. prog\visualstudio\jogo\jogo\jogo\jogo\debug\balao.obj
c:\users\fenw\desktop\tec. prog\visualstudio\jogo\jogo\jogo\jogo\debug\raio.obj
c:\users\fenw\desktop\tec. prog\visualstudio\jogo\jogo\jogo\jogo\debug\projetil.obj
c:\users\fenw\desktop\tec. prog\visualstudio\jogo\jogo\jogo\debug\jogo.exe
c:\users\fenw\desktop\tec. prog\visualstudio\jogo\jogo\jogo\debug\jogo.ilk
c:\users\fenw\desktop\tec. prog\visualstudio\jogo\jogo\jogo\debug\jogo.pdb
c:\users\fenw\desktop\tec. prog\visualstudio\jogo\jogo\jogo\jogo\debug\pch.obj
c:\users\fenw\desktop\tec. prog\visualstudio\jogo\jogo\jogo\jogo\debug\jogo.pch
c:\users\fenw\desktop\tec. prog\visualstudio\jogo\jogo\jogo\jogo\debug\jogo.tlog\cl.command.1.tlog
c:\users\fenw\desktop\tec. prog\visualstudio\jogo\jogo\jogo\jogo\debug\jogo.tlog\cl.read.1.tlog
c:\users\fenw\desktop\tec. prog\visualstudio\jogo\jogo\jogo\jogo\debug\jogo.tlog\cl.write.1.tlog
c:\users\fenw\desktop\tec. prog\visualstudio\jogo\jogo\jogo\jogo\debug\jogo.tlog\link.command.1.tlog
c:\users\fenw\desktop\tec. prog\visualstudio\jogo\jogo\jogo\jogo\debug\jogo.tlog\link.read.1.tlog
c:\users\fenw\desktop\tec. prog\visualstudio\jogo\jogo\jogo\jogo\debug\jogo.tlog\link.write.1.tlog
